[BLINK] Detected at Sun May 11 23:28:33 2025
[BLINK] Detected at Sun May 11 23:28:36 2025
[BLINK] Detected at Sun May 11 23:28:38 2025
[BLINK] Detected at Sun May 11 23:28:38 2025
[BLINK] Detected at Sun May 11 23:28:38 2025
[HEAD ANGLE] Pitch: 30.10, Yaw: -3.01 at Sun May 11 23:28:41 2025
[HEAD ANGLE] Pitch: 30.86, Yaw: -2.66 at Sun May 11 23:28:41 2025
[BLINK] Detected at Sun May 11 23:28:41 2025
[HEAD ANGLE] Pitch: -30.28, Yaw: 6.56 at Sun May 11 23:28:42 2025
[BLINK] Detected at Sun May 11 23:28:42 2025
[BLINK] Detected at Sun May 11 23:28:44 2025
[MOUTH SPOOF] MAR: 0.360 at Sun May 11 23:28:51 2025
[MOUTH SPOOF] MAR: 0.360 at Sun May 11 23:28:51 2025
[BLINK] Detected at Sun May 11 23:28:52 2025
[HEAD ANGLE] Pitch: 30.24, Yaw: -0.82 at Sun May 11 23:29:00 2025
[HEAD ANGLE] Pitch: 30.38, Yaw: -1.07 at Sun May 11 23:29:00 2025
[HEAD ANGLE] Pitch: 30.30, Yaw: -0.84 at Sun May 11 23:29:00 2025
[HEAD ANGLE] Pitch: 30.11, Yaw: -0.67 at Sun May 11 23:29:00 2025
[HEAD ANGLE] Pitch: 30.79, Yaw: -0.06 at Sun May 11 23:29:01 2025
[HEAD ANGLE] Pitch: 30.93, Yaw: -0.18 at Sun May 11 23:29:02 2025
[!] Spoof alert: No blink detected at Sun May 11 23:29:02 2025
[HEAD ANGLE] Pitch: 30.59, Yaw: 3.41 at Sun May 11 23:29:03 2025
[BLINK] Detected at Sun May 11 23:29:04 2025
[HEAD ANGLE] Pitch: 33.92, Yaw: 4.33 at Sun May 11 23:29:06 2025
[!] Spoof alert: No blink detected at Sun May 11 23:29:14 2025
[BLINK] Detected at Sun May 11 23:29:15 2025
[BLINK] Detected at Sun May 11 23:29:18 2025
[BLINK] Detected at Sun May 11 23:29:18 2025
[BLINK] Detected at Sun May 11 23:29:18 2025
[BLINK] Detected at Sun May 11 23:29:18 2025
[BLINK] Detected at Sun May 11 23:29:18 2025
[BLINK] Detected at Sun May 11 23:29:18 2025
[BLINK] Detected at Sun May 11 23:29:19 2025
[HEAD ANGLE] Pitch: 17.84, Yaw: 179.88 at Sun May 11 23:29:25 2025
[BLINK] Detected at Sun May 11 23:29:25 2025
[!] Spoof alert: No blink detected at Mon May 12 00:15:09 2025
[BLINK] Detected at Mon May 12 00:15:11 2025
[BLINK] Detected at Mon May 12 00:15:12 2025
[BLINK] Detected at Mon May 12 00:15:15 2025
[BLINK] Detected at Mon May 12 00:15:16 2025
[BLINK] Detected at Mon May 12 00:15:16 2025
[BLINK] Detected at Mon May 12 00:15:17 2025
[BLINK] Detected at Mon May 12 00:15:18 2025
[HEAD ANGLE] Pitch: -23.02, Yaw: 177.13 at Mon May 12 00:15:20 2025
[HEAD ANGLE] Pitch: 14.17, Yaw: -178.13 at Mon May 12 00:15:21 2025
[HEAD ANGLE] Pitch: 14.20, Yaw: -178.27 at Mon May 12 00:15:21 2025
[HEAD ANGLE] Pitch: 13.34, Yaw: -178.24 at Mon May 12 00:15:21 2025
[HEAD ANGLE] Pitch: 5.88, Yaw: -179.00 at Mon May 12 00:15:22 2025
[HEAD ANGLE] Pitch: 15.25, Yaw: -178.07 at Mon May 12 00:15:22 2025
[HEAD ANGLE] Pitch: 13.57, Yaw: -178.25 at Mon May 12 00:15:22 2025
[HEAD ANGLE] Pitch: 12.36, Yaw: -178.47 at Mon May 12 00:15:22 2025
[HEAD ANGLE] Pitch: 1.08, Yaw: -129.00 at Mon May 12 00:15:23 2025
[HEAD ANGLE] Pitch: 13.92, Yaw: -178.36 at Mon May 12 00:15:23 2025
[HEAD ANGLE] Pitch: 14.30, Yaw: -178.19 at Mon May 12 00:15:23 2025
[HEAD ANGLE] Pitch: 14.28, Yaw: -178.28 at Mon May 12 00:15:23 2025
[HEAD ANGLE] Pitch: 13.31, Yaw: -178.24 at Mon May 12 00:15:23 2025
[BLINK] Detected at Mon May 12 00:15:24 2025
[HEAD ANGLE] Pitch: -5.48, Yaw: 179.49 at Mon May 12 00:15:24 2025
[HEAD ANGLE] Pitch: 12.68, Yaw: -178.57 at Mon May 12 00:15:24 2025
[HEAD ANGLE] Pitch: 13.66, Yaw: -178.50 at Mon May 12 00:15:24 2025
[HEAD ANGLE] Pitch: 15.69, Yaw: -178.16 at Mon May 12 00:15:24 2025
[HEAD ANGLE] Pitch: 14.34, Yaw: -178.35 at Mon May 12 00:15:24 2025
[HEAD ANGLE] Pitch: 6.57, Yaw: -179.04 at Mon May 12 00:15:24 2025
[HEAD ANGLE] Pitch: 14.83, Yaw: -178.31 at Mon May 12 00:15:24 2025
[BLINK] Detected at Mon May 12 00:15:25 2025
[HEAD ANGLE] Pitch: -30.92, Yaw: 7.89 at Mon May 12 00:15:28 2025
[BLINK] Detected at Mon May 12 00:15:30 2025
[BLINK] Detected at Mon May 12 00:15:31 2025
[BLINK] Detected at Mon May 12 00:15:32 2025
[BLINK] Detected at Mon May 12 00:15:34 2025
[BLINK] Detected at Mon May 12 00:15:37 2025
[BLINK] Detected at Mon May 12 00:15:40 2025
[HEAD ANGLE] Pitch: -30.10, Yaw: 4.45 at Mon May 12 00:15:44 2025
[BLINK] Detected at Mon May 12 00:15:47 2025
[BLINK] Detected at Mon May 12 00:15:47 2025
[BLINK] Detected at Mon May 12 00:15:47 2025
[HEAD ANGLE] Pitch: -21.33, Yaw: -170.21 at Mon May 12 00:15:49 2025
[HEAD ANGLE] Pitch: -21.61, Yaw: -170.20 at Mon May 12 00:15:50 2025
[BLINK] Detected at Mon May 12 00:15:50 2025
[BLINK] Detected at Mon May 12 00:15:50 2025
[HEAD ANGLE] Pitch: 30.27, Yaw: 176.65 at Mon May 12 00:15:50 2025
[BLINK] Detected at Mon May 12 00:15:50 2025
[HEAD ANGLE] Pitch: 32.99, Yaw: 176.44 at Mon May 12 00:15:50 2025
[HEAD ANGLE] Pitch: 34.66, Yaw: 177.31 at Mon May 12 00:15:50 2025
[BLINK] Detected at Mon May 12 00:15:50 2025
[HEAD ANGLE] Pitch: -48.38, Yaw: -172.53 at Mon May 12 00:15:51 2025
[BLINK] Detected at Mon May 12 00:15:51 2025
[BLINK] Detected at Mon May 12 00:15:53 2025
[BLINK] Detected at Mon May 12 00:15:57 2025
[HEAD ANGLE] Pitch: 31.01, Yaw: 5.92 at Mon May 12 00:15:59 2025
[BLINK] Detected at Mon May 12 00:16:00 2025
[HEAD ANGLE] Pitch: 8.34, Yaw: -178.41 at Mon May 12 00:17:31 2025
[HEAD ANGLE] Pitch: 7.69, Yaw: -178.69 at Mon May 12 00:17:31 2025
[!] Spoof alert: No blink detected at Mon May 12 00:17:32 2025
[BLINK] Detected at Mon May 12 00:17:37 2025
[BLINK] Detected at Mon May 12 00:17:37 2025
[BLINK] Detected at Mon May 12 00:17:38 2025
[BLINK] Detected at Mon May 12 00:17:38 2025
[BLINK] Detected at Mon May 12 00:17:40 2025
[BLINK] Detected at Mon May 12 00:17:43 2025
[BLINK] Detected at Mon May 12 00:17:46 2025
[BLINK] Detected at Mon May 12 00:17:46 2025
[BLINK] Detected at Mon May 12 00:17:46 2025
[BLINK] Detected at Mon May 12 00:17:46 2025
[BLINK] Detected at Mon May 12 00:17:48 2025
[BLINK] Detected at Mon May 12 00:17:50 2025
[BLINK] Detected at Mon May 12 00:17:52 2025
[BLINK] Detected at Mon May 12 00:17:53 2025
[BLINK] Detected at Mon May 12 00:17:55 2025
[BLINK] Detected at Mon May 12 00:17:57 2025
[BLINK] Detected at Mon May 12 00:17:59 2025
[BLINK] Detected at Mon May 12 00:18:07 2025
[BLINK] Detected at Mon May 12 00:18:11 2025
[BLINK] Detected at Mon May 12 00:18:19 2025
[BLINK] Detected at Mon May 12 00:18:20 2025
[MOUTH SPOOF] MAR: 0.365 at Mon May 12 00:18:23 2025
[MOUTH SPOOF] MAR: 0.365 at Mon May 12 00:18:23 2025
[MOUTH SPOOF] MAR: 0.355 at Mon May 12 00:18:23 2025
[MOUTH SPOOF] MAR: 0.355 at Mon May 12 00:18:23 2025
[BLINK] Detected at Mon May 12 00:18:25 2025
[MOUTH SPOOF] MAR: 0.467 at Mon May 12 00:18:26 2025
[MOUTH SPOOF] MAR: 0.467 at Mon May 12 00:18:26 2025
[BLINK] Detected at Mon May 12 00:18:30 2025
[BLINK] Detected at Mon May 12 00:18:31 2025
[BLINK] Detected at Mon May 12 00:18:32 2025
[BLINK] Detected at Mon May 12 00:18:33 2025
[BLINK] Detected at Mon May 12 00:18:34 2025
[BLINK] Detected at Mon May 12 00:18:34 2025
[BLINK] Detected at Mon May 12 00:18:35 2025
[BLINK] Detected at Mon May 12 00:18:40 2025
[BLINK] Detected at Mon May 12 00:18:42 2025
